Base path: D:/Unity/Editor/Data
Pipe name: \\.\pipe\UnityShaderCompiler-3-7692
Cmd: getPlatforms
Cmd: compileSnippet
  api=9 type=0 insize=1388 outsize=1492 kw= ok=1
Cmd: compileSnippet
  api=5 type=0 insize=2308 outsize=2406 kw= ok=1
Cmd: compileSnippet
  api=9 type=0 insize=2161 outsize=2188 kw= ok=1
Cmd: compileSnippet
  api=9 type=1 insize=2161 outsize=7 kw= ok=1
Cmd: compileSnippet
  api=9 type=1 insize=1408 outsize=7 kw= ok=1
Cmd: compileSnippet
  api=9 type=1 insize=1795 outsize=7 kw= ok=1
Cmd: compileSnippet
  api=9 type=1 insize=1104 outsize=7 kw= ok=1
Cmd: compileSnippet
  api=9 type=0 insize=931 outsize=726 kw= ok=1
Cmd: compileSnippet
  api=9 type=1 insize=1186 outsize=7 kw= ok=1
Cmd: compileSnippet
  api=9 type=1 insize=2144 outsize=7 kw= ok=1
Cmd: compileSnippet
  api=9 type=0 insize=1064 outsize=988 kw= ok=1
Cmd: compileSnippet
  api=9 type=0 insize=1336 outsize=1292 kw= ok=1
Cmd: compileSnippet
  api=9 type=0 insize=1259 outsize=1129 kw= ok=1
Cmd: compileSnippet
  api=9 type=0 insize=1941 outsize=1880 kw= ok=1
Cmd: compileSnippet
  api=9 type=1 insize=1244 outsize=7 kw= ok=1
Cmd: compileSnippet
  api=5 type=1 insize=880 outsize=6 kw= ok=1
Cmd: compileSnippet
  api=9 type=0 insize=1106 outsize=1037 kw= ok=1
Cmd: compileSnippet
  api=5 type=0 insize=1058 outsize=1056 kw= ok=1
Cmd: compileSnippet
  api=9 type=1 insize=1058 outsize=7 kw= ok=1
Cmd: compileSnippet
  api=9 type=0 insize=1924 outsize=2026 kw= ok=1
Unhandled exception: Readfile from pipe failed. GLE=管道已结束。


Quitting shader compiler process
