Base path: D:/Unity/Editor/Data
Pipe name: \\.\pipe\UnityShaderCompiler-2-18360
Cmd: getPlatforms
Cmd: compileSnippet
  api=9 type=0 insize=1777 outsize=1687 kw= ok=1
Cmd: compileSnippet
  api=9 type=1 insize=1777 outsize=7 kw= ok=1
Cmd: compileSnippet
  api=9 type=1 insize=1388 outsize=7 kw= ok=1
Cmd: compileSnippet
  api=9 type=0 insize=2308 outsize=2403 kw= ok=1
Cmd: compileSnippet
  api=9 type=1 insize=2308 outsize=7 kw= ok=1
Cmd: compileSnippet
  api=9 type=0 insize=1408 outsize=1346 kw= ok=1
Cmd: compileSnippet
  api=9 type=0 insize=1795 outsize=1665 kw= ok=1
Cmd: compileSnippet
  api=9 type=0 insize=2226 outsize=2348 kw= ok=1
Cmd: compileSnippet
  api=9 type=1 insize=2226 outsize=7 kw= ok=1
Cmd: compileSnippet
  api=9 type=1 insize=1859 outsize=7 kw= ok=1
Cmd: compileSnippet
  api=9 type=0 insize=1104 outsize=1082 kw= ok=1
Cmd: compileSnippet
  api=5 type=0 insize=931 outsize=693 kw= ok=1
Cmd: compileSnippet
  api=5 type=1 insize=931 outsize=6 kw= ok=1
Cmd: compileSnippet
  api=9 type=0 insize=1186 outsize=1171 kw= ok=1
Cmd: compileSnippet
  api=5 type=1 insize=1186 outsize=6 kw= ok=1
Cmd: compileSnippet
  api=9 type=0 insize=2144 outsize=2210 kw= ok=1
Cmd: compileSnippet
  api=5 type=1 insize=2144 outsize=6 kw= ok=1
Cmd: compileSnippet
  api=5 type=1 insize=1064 outsize=6 kw= ok=1
Cmd: compileSnippet
  api=9 type=1 insize=1336 outsize=7 kw= ok=1
Cmd: compileSnippet
  api=9 type=1 insize=1259 outsize=7 kw= ok=1
Cmd: compileSnippet
  api=5 type=0 insize=1244 outsize=1129 kw= ok=1
Cmd: compileSnippet
  api=5 type=1 insize=1244 outsize=6 kw= ok=1
Cmd: compileSnippet
  api=5 type=1 insize=2291 outsize=6 kw= ok=1
Cmd: compileSnippet
  api=9 type=1 insize=1267 outsize=7 kw= ok=1
Cmd: compileSnippet
  api=9 type=1 insize=880 outsize=7 kw= ok=1
Cmd: compileSnippet
  api=9 type=1 insize=889 outsize=7 kw= ok=1
Cmd: compileSnippet
  api=9 type=0 insize=1058 outsize=1089 kw= ok=1
Cmd: compileSnippet
  api=5 type=0 insize=1924 outsize=2002 kw= ok=1
Cmd: compileSnippet
  api=5 type=1 insize=1924 outsize=6 kw= ok=1
Unhandled exception: Readfile from pipe failed. GLE=管道已结束。


Quitting shader compiler process
